<?xml version="1.0" encoding="UTF-8"?>
<!-- Generated by org.testng.reporters.JUnitXMLReporter -->
<testsuite hostname="DESKTOP-LGF3LQ1" ignored="0" name="Default test" tests="4" failures="0" timestamp="13 Jun 2019 11:07:32 GMT" time="0.161" errors="0">
  <testcase name="testcase" time="0.031" classname="com.test.testng.DataProviderAnnotationExample"/>
  <testcase name="testcase" time="0.005" classname="com.test.testng.DataProviderAnnotationExample"/>
  <testcase name="testcase" time="0.004" classname="com.test.testng.DataProviderAnnotationExample"/>
  <testcase name="testcase" time="0.003" classname="com.test.testng.DataProviderAnnotationExample"/>
</testsuite> <!-- Default test -->
