<?xml version="1.0" encoding="UTF-8"?>
<!-- Generated by org.testng.reporters.JUnitXMLReporter -->
<testsuite hostname="DESKTOP-LGF3LQ1" ignored="1" name="Car Loan" tests="2" failures="0" timestamp="14 Jun 2019 00:13:29 GMT" time="0.027" errors="0">
  <testcase name="carLoanAPILogin" time="0.005" classname="com.test.testng.CarLoan"/>
  <testcase name="carLoanMobileLogin" time="0.005" classname="com.test.testng.CarLoan"/>
  <testcase name="carLoanWebLogin" time="0.0" classname="com.test.testng.CarLoan">
    <ignored/>
  </testcase> <!-- carLoanWebLogin -->
</testsuite> <!-- Car Loan -->
