<?xml version="1.0" encoding="UTF-8"?>
<!-- Generated by org.testng.reporters.JUnitXMLReporter -->
<testsuite hostname="DESKTOP-LGF3LQ1" ignored="2" name="Home Loan" tests="1" failures="0" timestamp="14 Jun 2019 00:13:29 GMT" time="0.013" errors="0">
  <testcase name="homeLoanAPILogin" time="0.005" classname="com.test.testng.HomeLoanLogin"/>
  <testcase name="homeLoanMobileLogin" time="0.0" classname="com.test.testng.HomeLoanLogin">
    <ignored/>
  </testcase> <!-- homeLoanMobileLogin -->
  <testcase name="homeLoanWebLogin" time="0.0" classname="com.test.testng.HomeLoanLogin">
    <ignored/>
  </testcase> <!-- homeLoanWebLogin -->
</testsuite> <!-- Home Loan -->
