<?xml version="1.0" encoding="UTF-8"?>
<!-- Generated by org.testng.reporters.JUnitXMLReporter -->
<testsuite hostname="DESKTOP-LGF3LQ1" ignored="0" name="Mobile Loan" tests="3" failures="0" timestamp="14 Jun 2019 00:13:29 GMT" time="0.041" errors="0">
  <testcase name="mobileTC1" time="0.008" classname="com.test.testng.MobileLoan"/>
  <testcase name="mobileTC2" time="0.003" classname="com.test.testng.MobileLoan"/>
  <testcase name="mobileTC3" time="0.01" classname="com.test.testng.MobileLoan"/>
</testsuite> <!-- Mobile Loan -->
