<?xml version="1.0" encoding="UTF-8"?>
<!-- Generated by org.testng.reporters.JUnitXMLReporter -->
<testsuite hostname="DESKTOP-LGF3LQ1" ignored="1" name="Personal Loan" tests="4" failures="0" timestamp="14 Jun 2019 00:13:29 GMT" time="0.168" errors="0">
  <testcase name="tc1" time="0.031" classname="com.test.testng.Example1"/>
  <testcase name="tc3" time="0.02" classname="com.test.testng.Example1"/>
  <testcase name="tc2" time="0.003" classname="com.test.testng.Example1"/>
  <testcase name="tc3" time="0.008" classname="com.test.testng.Example2"/>
  <testcase name="tc4" time="0.0" classname="com.test.testng.Example1">
    <ignored/>
  </testcase> <!-- tc4 -->
</testsuite> <!-- Personal Loan -->
