<?xml version="1.0" encoding="UTF-8"?>
<!-- Generated by org.testng.reporters.JUnitXMLReporter -->
<testsuite hostname="DESKTOP-LGF3LQ1" ignored="3" name="SmokeTesting" tests="3" failures="0" timestamp="13 Jun 2019 08:59:23 GMT" time="0.186" errors="0">
  <testcase name="carLoanWebLogin" time="0.04" classname="com.test.testng.CarLoan"/>
  <testcase name="tc1" time="0.011" classname="com.test.testng.Example1"/>
  <testcase name="tc3" time="0.01" classname="com.test.testng.Example2"/>
  <testcase name="tc2" time="0.0" classname="com.test.testng.Example1">
    <ignored/>
  </testcase> <!-- tc2 -->
  <testcase name="carLoanAPILogin" time="0.0" classname="com.test.testng.CarLoan">
    <ignored/>
  </testcase> <!-- carLoanAPILogin -->
  <testcase name="carLoanMobileLogin" time="0.0" classname="com.test.testng.CarLoan">
    <ignored/>
  </testcase> <!-- carLoanMobileLogin -->
</testsuite> <!-- SmokeTesting -->
