<?xml version="1.0" encoding="UTF-8"?>
<testng-results skipped="0" failed="0" ignored="4" total="14" passed="10">
  <reporter-output>
  </reporter-output>
  <suite name="Suite" duration-ms="452" started-at="2019-06-14T00:13:28Z" finished-at="2019-06-14T00:13:29Z">
    <groups>
      <group name="Smoke">
        <method signature="Example1.tc1()[pri:0, instance:com.test.testng.Example1@2ef5e5e3]" name="tc1" class="com.test.testng.Example1"/>
        <method signature="Example2.tc3()[pri:0, instance:com.test.testng.Example2@36d4b5c]" name="tc3" class="com.test.testng.Example2"/>
      </group> <!-- Smoke -->
    </groups>
    <test name="Personal Loan" duration-ms="168" started-at="2019-06-14T00:13:28Z" finished-at="2019-06-14T00:13:29Z">
      <class name="com.test.testng.Example1">
        <test-method status="PASS" signature="tc1()[pri:0, instance:com.test.testng.Example1@2ef5e5e3]" name="tc1" duration-ms="31" started-at="2019-06-14T00:13:29Z" finished-at="2019-06-14T00:13:29Z">
          <reporter-output>
          </reporter-output>
        </test-method> <!-- tc1 -->
        <test-method status="PASS" signature="tc3()[pri:0, instance:com.test.testng.Example1@2ef5e5e3]" name="tc3" duration-ms="20" started-at="2019-06-14T00:13:29Z" finished-at="2019-06-14T00:13:29Z">
          <reporter-output>
          </reporter-output>
        </test-method> <!-- tc3 -->
        <test-method status="PASS" signature="tc2()[pri:0, instance:com.test.testng.Example1@2ef5e5e3]" name="tc2" duration-ms="3" started-at="2019-06-14T00:13:29Z" depends-on-methods="com.test.testng.Example1.tc1, com.test.testng.Example1.tc3" finished-at="2019-06-14T00:13:29Z">
          <reporter-output>
          </reporter-output>
        </test-method> <!-- tc2 -->
      </class> <!-- com.test.testng.Example1 -->
      <class name="com.test.testng.Example2">
        <test-method status="PASS" signature="tc3()[pri:0, instance:com.test.testng.Example2@36d4b5c]" name="tc3" duration-ms="8" started-at="2019-06-14T00:13:29Z" finished-at="2019-06-14T00:13:29Z">
          <reporter-output>
          </reporter-output>
        </test-method> <!-- tc3 -->
      </class> <!-- com.test.testng.Example2 -->
    </test> <!-- Personal Loan -->
    <test name="Car Loan" duration-ms="27" started-at="2019-06-14T00:13:29Z" finished-at="2019-06-14T00:13:29Z">
      <class name="com.test.testng.CarLoan">
        <test-method status="PASS" signature="carLoanAPILogin()[pri:0, instance:com.test.testng.CarLoan@26be92ad]" name="carLoanAPILogin" duration-ms="5" started-at="2019-06-14T00:13:29Z" finished-at="2019-06-14T00:13:29Z">
          <reporter-output>
          </reporter-output>
        </test-method> <!-- carLoanAPILogin -->
        <test-method status="PASS" signature="carLoanMobileLogin()[pri:0, instance:com.test.testng.CarLoan@26be92ad]" name="carLoanMobileLogin" duration-ms="5" started-at="2019-06-14T00:13:29Z" finished-at="2019-06-14T00:13:29Z">
          <reporter-output>
          </reporter-output>
        </test-method> <!-- carLoanMobileLogin -->
      </class> <!-- com.test.testng.CarLoan -->
    </test> <!-- Car Loan -->
    <test name="Home Loan" duration-ms="13" started-at="2019-06-14T00:13:29Z" finished-at="2019-06-14T00:13:29Z">
      <class name="com.test.testng.HomeLoanLogin">
        <test-method status="PASS" signature="homeLoanAPILogin()[pri:0, instance:com.test.testng.HomeLoanLogin@4501b7af]" name="homeLoanAPILogin" duration-ms="5" started-at="2019-06-14T00:13:29Z" finished-at="2019-06-14T00:13:29Z">
          <reporter-output>
          </reporter-output>
        </test-method> <!-- homeLoanAPILogin -->
      </class> <!-- com.test.testng.HomeLoanLogin -->
    </test> <!-- Home Loan -->
    <test name="Mobile Loan" duration-ms="41" started-at="2019-06-14T00:13:29Z" finished-at="2019-06-14T00:13:29Z">
      <class name="com.test.testng.MobileLoan">
        <test-method status="PASS" signature="mobileTC1()[pri:0, instance:com.test.testng.MobileLoan@3532ec19]" name="mobileTC1" duration-ms="8" started-at="2019-06-14T00:13:29Z" finished-at="2019-06-14T00:13:29Z">
          <reporter-output>
          </reporter-output>
        </test-method> <!-- mobileTC1 -->
        <test-method status="PASS" signature="mobileTC2()[pri:0, instance:com.test.testng.MobileLoan@3532ec19]" name="mobileTC2" duration-ms="3" started-at="2019-06-14T00:13:29Z" finished-at="2019-06-14T00:13:29Z">
          <reporter-output>
          </reporter-output>
        </test-method> <!-- mobileTC2 -->
        <test-method status="PASS" signature="mobileTC3()[pri:0, instance:com.test.testng.MobileLoan@3532ec19]" name="mobileTC3" duration-ms="10" started-at="2019-06-14T00:13:29Z" finished-at="2019-06-14T00:13:29Z">
          <reporter-output>
          </reporter-output>
        </test-method> <!-- mobileTC3 -->
      </class> <!-- com.test.testng.MobileLoan -->
    </test> <!-- Mobile Loan -->
  </suite> <!-- Suite -->
</testng-results>
